<?xml version="1.0" encoding="UTF-8"?>
<!-- Generated by org.testng.reporters.JUnitReportReporter -->
<testsuite hostname="DESKTOP-IP564CF" failures="0" tests="1" name="TestNg.NewTest" time="0.015" errors="0" timestamp="2022-07-01T19:23:51 IST" skipped="0">
  <testcase classname="TestNg.NewTest" name="first" time="0.015"/>
  <system-out/>
</testsuite> <!-- TestNg.NewTest -->
