<?xml version="1.0" encoding="UTF-8"?>
<!-- Generated by org.testng.reporters.JUnitReportReporter -->
<testsuite hostname="DESKTOP-IP564CF" failures="0" tests="2" name="TestNg.Groups" time="1.343" errors="0" timestamp="2022-07-08T23:15:30 IST" skipped="0">
  <testcase classname="TestNg.Groups" name="SecondTest" time="1.281"/>
  <system-out/>
  <testcase classname="TestNg.Groups" name="FirstTest" time="0.062"/>
  <system-out/>
</testsuite> <!-- TestNg.Groups -->
