<?xml version="1.0" encoding="UTF-8"?>
<!-- Generated by org.testng.reporters.JUnitReportReporter -->
<testsuite hostname="DESKTOP-IP564CF" failures="0" tests="3" name="TestNg.FirstTestNg" time="0.026" errors="0" timestamp="2022-07-01T23:21:12 IST" skipped="0">
  <testcase classname="TestNg.FirstTestNg" name="Login" time="0.019"/>
  <system-out/>
  <testcase classname="TestNg.FirstTestNg" name="HomePage" time="0.002"/>
  <system-out/>
  <testcase classname="TestNg.FirstTestNg" name="Recharge" time="0.005"/>
  <system-out/>
</testsuite> <!-- TestNg.FirstTestNg -->
