<?xml version="1.0" encoding="UTF-8"?>
<!-- Generated by org.testng.reporters.JUnitReportReporter -->
<testsuite hostname="DESKTOP-IP564CF" failures="0" tests="4" name="TestNg.LogInTestUsingParameters" time="11.028" errors="0" timestamp="2022-07-02T17:43:21 IST" skipped="0">
  <testcase classname="TestNg.LogInTestUsingParameters" name="Testc" time="6.886"/>
  <system-out/>
  <testcase classname="TestNg.LogInTestUsingParameters" name="Testc" time="4.078"/>
  <system-out/>
  <testcase classname="TestNg.LogInTestUsingParameters" name="testc2" time="0.044"/>
  <system-out/>
  <testcase classname="TestNg.LogInTestUsingParameters" name="testc2" time="0.020"/>
  <system-out/>
</testsuite> <!-- TestNg.LogInTestUsingParameters -->
